<?xml version="1.0" encoding="UTF-8"?>
<testsuite name="ericbyeric.springbasic.service.MemberServiceTest" tests="1" skipped="0" failures="0" errors="0" timestamp="2023-07-16T09:52:38" hostname="userui-MacBookPro.local" time="0.029">
  <properties/>
  <testcase name="중복_회원_예외()" classname="ericbyeric.springbasic.service.MemberServiceTest" time="0.029"/>
  <system-out><![CDATA[]]></system-out>
  <system-err><![CDATA[]]></system-err>
</testsuite>
